CRITICAL - 2020-11-18 01:21:30 --> Column 'name' cannot be null
#0 C:\xampp\htdocs\newsletterdemo\vendor\codeigniter4\framework\system\Database\MySQLi\Connection.php(331): mysqli->query('INSERT INTO `ci...')
#1 C:\xampp\htdocs\newsletterdemo\vendor\codeigniter4\framework\system\Database\BaseConnection.php(741): CodeIgniter\Database\MySQLi\Connection->execute('INSERT INTO `ci...')
#2 C:\xampp\htdocs\newsletterdemo\vendor\codeigniter4\framework\system\Database\BaseConnection.php(669): CodeIgniter\Database\BaseConnection->simpleQuery('INSERT INTO `ci...')
#3 C:\xampp\htdocs\newsletterdemo\vendor\codeigniter4\framework\system\Database\BaseBuilder.php(2249): CodeIgniter\Database\BaseConnection->query('INSERT INTO `ci...', Array, false)
#4 C:\xampp\htdocs\newsletterdemo\vendor\codeigniter4\framework\system\Model.php(755): CodeIgniter\Database\BaseBuilder->insert()
#5 C:\xampp\htdocs\newsletterdemo\app\Controllers\AdminNewsSubscriber.php(40): CodeIgniter\Model->insert(Array)
#6 C:\xampp\htdocs\newsletterdemo\vendor\codeigniter4\framework\system\CodeIgniter.php(918): App\Controllers\AdminNewsSubscriber->storedata()
#7 C:\xampp\htdocs\newsletterdemo\vendor\codeigniter4\framework\system\CodeIgniter.php(404): CodeIgniter\CodeIgniter->runController(Object(App\Controllers\AdminNewsSubscriber))
#8 C:\xampp\htdocs\newsletterdemo\vendor\codeigniter4\framework\system\CodeIgniter.php(312): CodeIgniter\CodeIgniter->handleRequest(NULL, Object(Config\Cache), false)
#9 C:\xampp\htdocs\newsletterdemo\public\index.php(45): CodeIgniter\CodeIgniter->run()
#10 C:\xampp\htdocs\newsletterdemo\vendor\codeigniter4\framework\system\Commands\Server\rewrite.php(34): require_once('C:\\xampp\\htdocs...')
#11 {main}
CRITICAL - 2020-11-18 01:22:55 --> count(): Parameter must be an array or an object that implements Countable
#0 [internal function]: CodeIgniter\Debug\Exceptions->errorHandler(2, 'count(): Parame...', 'C:\\xampp\\htdocs...', 30, Array)
#1 C:\xampp\htdocs\newsletterdemo\app\Controllers\AdminNewsSubscriber.php(30): count(NULL)
#2 C:\xampp\htdocs\newsletterdemo\vendor\codeigniter4\framework\system\CodeIgniter.php(918): App\Controllers\AdminNewsSubscriber->storedata()
#3 C:\xampp\htdocs\newsletterdemo\vendor\codeigniter4\framework\system\CodeIgniter.php(404): CodeIgniter\CodeIgniter->runController(Object(App\Controllers\AdminNewsSubscriber))
#4 C:\xampp\htdocs\newsletterdemo\vendor\codeigniter4\framework\system\CodeIgniter.php(312): CodeIgniter\CodeIgniter->handleRequest(NULL, Object(Config\Cache), false)
#5 C:\xampp\htdocs\newsletterdemo\public\index.php(45): CodeIgniter\CodeIgniter->run()
#6 C:\xampp\htdocs\newsletterdemo\vendor\codeigniter4\framework\system\Commands\Server\rewrite.php(34): require_once('C:\\xampp\\htdocs...')
#7 {main}
CRITICAL - 2020-11-18 01:23:36 --> Column 'name' cannot be null
#0 C:\xampp\htdocs\newsletterdemo\vendor\codeigniter4\framework\system\Database\MySQLi\Connection.php(331): mysqli->query('INSERT INTO `ci...')
#1 C:\xampp\htdocs\newsletterdemo\vendor\codeigniter4\framework\system\Database\BaseConnection.php(741): CodeIgniter\Database\MySQLi\Connection->execute('INSERT INTO `ci...')
#2 C:\xampp\htdocs\newsletterdemo\vendor\codeigniter4\framework\system\Database\BaseConnection.php(669): CodeIgniter\Database\BaseConnection->simpleQuery('INSERT INTO `ci...')
#3 C:\xampp\htdocs\newsletterdemo\vendor\codeigniter4\framework\system\Database\BaseBuilder.php(2249): CodeIgniter\Database\BaseConnection->query('INSERT INTO `ci...', Array, false)
#4 C:\xampp\htdocs\newsletterdemo\vendor\codeigniter4\framework\system\Model.php(755): CodeIgniter\Database\BaseBuilder->insert()
#5 C:\xampp\htdocs\newsletterdemo\app\Controllers\AdminNewsSubscriber.php(40): CodeIgniter\Model->insert(Array)
#6 C:\xampp\htdocs\newsletterdemo\vendor\codeigniter4\framework\system\CodeIgniter.php(918): App\Controllers\AdminNewsSubscriber->storedata()
#7 C:\xampp\htdocs\newsletterdemo\vendor\codeigniter4\framework\system\CodeIgniter.php(404): CodeIgniter\CodeIgniter->runController(Object(App\Controllers\AdminNewsSubscriber))
#8 C:\xampp\htdocs\newsletterdemo\vendor\codeigniter4\framework\system\CodeIgniter.php(312): CodeIgniter\CodeIgniter->handleRequest(NULL, Object(Config\Cache), false)
#9 C:\xampp\htdocs\newsletterdemo\public\index.php(45): CodeIgniter\CodeIgniter->run()
#10 C:\xampp\htdocs\newsletterdemo\vendor\codeigniter4\framework\system\Commands\Server\rewrite.php(34): require_once('C:\\xampp\\htdocs...')
#11 {main}
CRITICAL - 2020-11-18 01:25:29 --> Column 'name' cannot be null
#0 C:\xampp\htdocs\newsletterdemo\vendor\codeigniter4\framework\system\Database\MySQLi\Connection.php(331): mysqli->query('INSERT INTO `ci...')
#1 C:\xampp\htdocs\newsletterdemo\vendor\codeigniter4\framework\system\Database\BaseConnection.php(741): CodeIgniter\Database\MySQLi\Connection->execute('INSERT INTO `ci...')
#2 C:\xampp\htdocs\newsletterdemo\vendor\codeigniter4\framework\system\Database\BaseConnection.php(669): CodeIgniter\Database\BaseConnection->simpleQuery('INSERT INTO `ci...')
#3 C:\xampp\htdocs\newsletterdemo\vendor\codeigniter4\framework\system\Database\BaseBuilder.php(2249): CodeIgniter\Database\BaseConnection->query('INSERT INTO `ci...', Array, false)
#4 C:\xampp\htdocs\newsletterdemo\vendor\codeigniter4\framework\system\Model.php(755): CodeIgniter\Database\BaseBuilder->insert()
#5 C:\xampp\htdocs\newsletterdemo\app\Controllers\AdminNewsSubscriber.php(41): CodeIgniter\Model->insert(Array)
#6 C:\xampp\htdocs\newsletterdemo\vendor\codeigniter4\framework\system\CodeIgniter.php(918): App\Controllers\AdminNewsSubscriber->storedata()
#7 C:\xampp\htdocs\newsletterdemo\vendor\codeigniter4\framework\system\CodeIgniter.php(404): CodeIgniter\CodeIgniter->runController(Object(App\Controllers\AdminNewsSubscriber))
#8 C:\xampp\htdocs\newsletterdemo\vendor\codeigniter4\framework\system\CodeIgniter.php(312): CodeIgniter\CodeIgniter->handleRequest(NULL, Object(Config\Cache), false)
#9 C:\xampp\htdocs\newsletterdemo\public\index.php(45): CodeIgniter\CodeIgniter->run()
#10 C:\xampp\htdocs\newsletterdemo\vendor\codeigniter4\framework\system\Commands\Server\rewrite.php(34): require_once('C:\\xampp\\htdocs...')
#11 {main}
CRITICAL - 2020-11-18 01:26:18 --> Column 'name' cannot be null
#0 C:\xampp\htdocs\newsletterdemo\vendor\codeigniter4\framework\system\Database\MySQLi\Connection.php(331): mysqli->query('INSERT INTO `ci...')
#1 C:\xampp\htdocs\newsletterdemo\vendor\codeigniter4\framework\system\Database\BaseConnection.php(741): CodeIgniter\Database\MySQLi\Connection->execute('INSERT INTO `ci...')
#2 C:\xampp\htdocs\newsletterdemo\vendor\codeigniter4\framework\system\Database\BaseConnection.php(669): CodeIgniter\Database\BaseConnection->simpleQuery('INSERT INTO `ci...')
#3 C:\xampp\htdocs\newsletterdemo\vendor\codeigniter4\framework\system\Database\BaseBuilder.php(2249): CodeIgniter\Database\BaseConnection->query('INSERT INTO `ci...', Array, false)
#4 C:\xampp\htdocs\newsletterdemo\vendor\codeigniter4\framework\system\Model.php(755): CodeIgniter\Database\BaseBuilder->insert()
#5 C:\xampp\htdocs\newsletterdemo\app\Controllers\AdminNewsSubscriber.php(41): CodeIgniter\Model->insert(Array)
#6 C:\xampp\htdocs\newsletterdemo\vendor\codeigniter4\framework\system\CodeIgniter.php(918): App\Controllers\AdminNewsSubscriber->storedata()
#7 C:\xampp\htdocs\newsletterdemo\vendor\codeigniter4\framework\system\CodeIgniter.php(404): CodeIgniter\CodeIgniter->runController(Object(App\Controllers\AdminNewsSubscriber))
#8 C:\xampp\htdocs\newsletterdemo\vendor\codeigniter4\framework\system\CodeIgniter.php(312): CodeIgniter\CodeIgniter->handleRequest(NULL, Object(Config\Cache), false)
#9 C:\xampp\htdocs\newsletterdemo\public\index.php(45): CodeIgniter\CodeIgniter->run()
#10 C:\xampp\htdocs\newsletterdemo\vendor\codeigniter4\framework\system\Commands\Server\rewrite.php(34): require_once('C:\\xampp\\htdocs...')
#11 {main}
CRITICAL - 2020-11-18 03:18:06 --> Undefined property: App\Controllers\Home::$load
#0 C:\xampp\htdocs\newsletterdemo\app\Controllers\Home.php(35): CodeIgniter\Debug\Exceptions->errorHandler(8, 'Undefined prope...', 'C:\\xampp\\htdocs...', 35, Array)
#1 C:\xampp\htdocs\newsletterdemo\vendor\codeigniter4\framework\system\CodeIgniter.php(918): App\Controllers\Home->add_new()
#2 C:\xampp\htdocs\newsletterdemo\vendor\codeigniter4\framework\system\CodeIgniter.php(404): CodeIgniter\CodeIgniter->runController(Object(App\Controllers\Home))
#3 C:\xampp\htdocs\newsletterdemo\vendor\codeigniter4\framework\system\CodeIgniter.php(312): CodeIgniter\CodeIgniter->handleRequest(NULL, Object(Config\Cache), false)
#4 C:\xampp\htdocs\newsletterdemo\public\index.php(45): CodeIgniter\CodeIgniter->run()
#5 C:\xampp\htdocs\newsletterdemo\vendor\codeigniter4\framework\system\Commands\Server\rewrite.php(34): require_once('C:\\xampp\\htdocs...')
#6 {main}
CRITICAL - 2020-11-18 03:19:36 --> Undefined property: App\Controllers\Home::$load
#0 C:\xampp\htdocs\newsletterdemo\app\Controllers\Home.php(35): CodeIgniter\Debug\Exceptions->errorHandler(8, 'Undefined prope...', 'C:\\xampp\\htdocs...', 35, Array)
#1 C:\xampp\htdocs\newsletterdemo\vendor\codeigniter4\framework\system\CodeIgniter.php(918): App\Controllers\Home->add_new()
#2 C:\xampp\htdocs\newsletterdemo\vendor\codeigniter4\framework\system\CodeIgniter.php(404): CodeIgniter\CodeIgniter->runController(Object(App\Controllers\Home))
#3 C:\xampp\htdocs\newsletterdemo\vendor\codeigniter4\framework\system\CodeIgniter.php(312): CodeIgniter\CodeIgniter->handleRequest(NULL, Object(Config\Cache), false)
#4 C:\xampp\htdocs\newsletterdemo\public\index.php(45): CodeIgniter\CodeIgniter->run()
#5 C:\xampp\htdocs\newsletterdemo\vendor\codeigniter4\framework\system\Commands\Server\rewrite.php(34): require_once('C:\\xampp\\htdocs...')
#6 {main}
CRITICAL - 2020-11-18 07:25:30 --> strpos() expects parameter 1 to be string, object given
#0 [internal function]: CodeIgniter\Debug\Exceptions->errorHandler(2, 'strpos() expect...', 'C:\\xampp\\htdocs...', 737, Array)
#1 C:\xampp\htdocs\newsletterdemo\vendor\codeigniter4\framework\system\Email\Email.php(737): strpos(Object(CodeIgniter\Email\Email), ',')
#2 C:\xampp\htdocs\newsletterdemo\vendor\codeigniter4\framework\system\Email\Email.php(543): CodeIgniter\Email\Email->stringToArray(Object(CodeIgniter\Email\Email))
#3 C:\xampp\htdocs\newsletterdemo\app\Controllers\Home.php(37): CodeIgniter\Email\Email->setTo(Object(CodeIgniter\Email\Email))
#4 C:\xampp\htdocs\newsletterdemo\vendor\codeigniter4\framework\system\CodeIgniter.php(918): App\Controllers\Home->add_new()
#5 C:\xampp\htdocs\newsletterdemo\vendor\codeigniter4\framework\system\CodeIgniter.php(404): CodeIgniter\CodeIgniter->runController(Object(App\Controllers\Home))
#6 C:\xampp\htdocs\newsletterdemo\vendor\codeigniter4\framework\system\CodeIgniter.php(312): CodeIgniter\CodeIgniter->handleRequest(NULL, Object(Config\Cache), false)
#7 C:\xampp\htdocs\newsletterdemo\public\index.php(45): CodeIgniter\CodeIgniter->run()
#8 C:\xampp\htdocs\newsletterdemo\vendor\codeigniter4\framework\system\Commands\Server\rewrite.php(34): require_once('C:\\xampp\\htdocs...')
#9 {main}
CRITICAL - 2020-11-18 07:45:17 --> strpos() expects parameter 1 to be string, object given
#0 [internal function]: CodeIgniter\Debug\Exceptions->errorHandler(2, 'strpos() expect...', 'C:\\xampp\\htdocs...', 737, Array)
#1 C:\xampp\htdocs\newsletterdemo\vendor\codeigniter4\framework\system\Email\Email.php(737): strpos(Object(CodeIgniter\Email\Email), ',')
#2 C:\xampp\htdocs\newsletterdemo\vendor\codeigniter4\framework\system\Email\Email.php(543): CodeIgniter\Email\Email->stringToArray(Object(CodeIgniter\Email\Email))
#3 C:\xampp\htdocs\newsletterdemo\app\Controllers\Home.php(38): CodeIgniter\Email\Email->setTo(Object(CodeIgniter\Email\Email))
#4 C:\xampp\htdocs\newsletterdemo\vendor\codeigniter4\framework\system\CodeIgniter.php(918): App\Controllers\Home->add_new()
#5 C:\xampp\htdocs\newsletterdemo\vendor\codeigniter4\framework\system\CodeIgniter.php(404): CodeIgniter\CodeIgniter->runController(Object(App\Controllers\Home))
#6 C:\xampp\htdocs\newsletterdemo\vendor\codeigniter4\framework\system\CodeIgniter.php(312): CodeIgniter\CodeIgniter->handleRequest(NULL, Object(Config\Cache), false)
#7 C:\xampp\htdocs\newsletterdemo\public\index.php(45): CodeIgniter\CodeIgniter->run()
#8 C:\xampp\htdocs\newsletterdemo\vendor\codeigniter4\framework\system\Commands\Server\rewrite.php(34): require_once('C:\\xampp\\htdocs...')
#9 {main}
CRITICAL - 2020-11-18 09:34:42 --> strpos() expects parameter 1 to be string, object given
#0 [internal function]: CodeIgniter\Debug\Exceptions->errorHandler(2, 'strpos() expect...', 'C:\\xampp\\htdocs...', 737, Array)
#1 C:\xampp\htdocs\newsletterdemo\vendor\codeigniter4\framework\system\Email\Email.php(737): strpos(Object(CodeIgniter\Email\Email), ',')
#2 C:\xampp\htdocs\newsletterdemo\vendor\codeigniter4\framework\system\Email\Email.php(543): CodeIgniter\Email\Email->stringToArray(Object(CodeIgniter\Email\Email))
#3 C:\xampp\htdocs\newsletterdemo\app\Controllers\Home.php(38): CodeIgniter\Email\Email->setTo(Object(CodeIgniter\Email\Email))
#4 C:\xampp\htdocs\newsletterdemo\vendor\codeigniter4\framework\system\CodeIgniter.php(918): App\Controllers\Home->add_new()
#5 C:\xampp\htdocs\newsletterdemo\vendor\codeigniter4\framework\system\CodeIgniter.php(404): CodeIgniter\CodeIgniter->runController(Object(App\Controllers\Home))
#6 C:\xampp\htdocs\newsletterdemo\vendor\codeigniter4\framework\system\CodeIgniter.php(312): CodeIgniter\CodeIgniter->handleRequest(NULL, Object(Config\Cache), false)
#7 C:\xampp\htdocs\newsletterdemo\public\index.php(45): CodeIgniter\CodeIgniter->run()
#8 C:\xampp\htdocs\newsletterdemo\vendor\codeigniter4\framework\system\Commands\Server\rewrite.php(34): require_once('C:\\xampp\\htdocs...')
#9 {main}
